  IPlugEffect.cpp
C:\Users\cecuca\Dev\iPlug2\Projects\DjDj\IPlugEffect.cpp(42,13): warning C4189: 'nChans': local variable is initialized but not referenced
  IPlugEffect-vst3.vcxproj -> C:\Users\cecuca\Dev\iPlug2\Projects\DjDj\build-win\vst3\x64\Debug\IPlugEffect.vst3
  POSTBUILD SCRIPT VARIABLES -----------------------------------------------------
  FORMAT ".vst3" 
  NAME "IPlugEffect" 
  PLATFORM "x64" 
  COPY_VST2 "1" 
  BUILT_BINARY "C:\Users\cecuca\Dev\iPlug2\Projects\DjDj\build-win\vst3\x64\Debug\IPlugEffect.vst3" 
  VST2_32_PATH "C:\Program Files\VstPlugins" 
  VST2_64_PATH "C:\Program Files\VstPlugins"  
  VST3_32_PATH "C:\Program Files\Common Files\VST3" 
  VST3_64_PATH "C:\Program Files\Common Files\VST3" 
  BUILD_DIR "C:\Users\cecuca\Dev\iPlug2\Projects\DjDj\build-win"
  VST_ICON "C:\Users\cecuca\Dev\iPlug2\Projects\DjDj\projects\..\..\..\Dependencies\IPlug\VST3_SDK\doc\artwork\VST_Logo_Steinberg.ico" 
  AAX_ICON "C:\Users\cecuca\Dev\iPlug2\Projects\DjDj\projects\..\..\..\Dependencies\IPlug\AAX_SDK\Utilities\PlugIn.ico" 
  CREATE_BUNDLE_SCRIPT "C:\Users\cecuca\Dev\iPlug2\Projects\DjDj\projects\..\..\..\Scripts\create_bundle.bat"
  END POSTBUILD SCRIPT VARIABLES -----------------------------------------------------
  copying 64bit binary to VST3 BUNDLE ...
  Create AAX/VST3 Package Directories
  Set Folder Icon
  Скопировано файлов:         1.
  copying VST3 bundle to 64bit VST3 Plugins folder ...
  Create AAX/VST3 Package Directories
  Set Folder Icon
  C:\Users\cecuca\Dev\iPlug2\Projects\DjDj\build-win\IPlugEffect.vst3\Contents\x86_64-win\IPlugEffect.vst3
  Скопировано файлов: 1.
